Performing C SOURCE FILE Test HAVE_GCC_WDOCUMENTATION failed with the following output:
Change Dir: /home/divakar/Desktop/SDLGameEngine/build/CMakeFiles/CMakeScratch/TryCompile-XiJv9M

Run Build Command(s):/usr/bin/gmake -f Makefile cmTC_a32e8/fast && /usr/bin/gmake  -f CMakeFiles/cmTC_a32e8.dir/build.make CMakeFiles/cmTC_a32e8.dir/build
gmake[1]: Entering directory '/home/divakar/Desktop/SDLGameEngine/build/CMakeFiles/CMakeScratch/TryCompile-XiJv9M'
Building C object CMakeFiles/cmTC_a32e8.dir/src.c.o
/usr/bin/cc -DHAVE_GCC_WDOCUMENTATION  -D_GNU_SOURCE=1   -Wdocumentation -o CMakeFiles/cmTC_a32e8.dir/src.c.o -c /home/divakar/Desktop/SDLGameEngine/build/CMakeFiles/CMakeScratch/TryCompile-XiJv9M/src.c
cc: error: unrecognized command-line option '-Wdocumentation'
gmake[1]: *** [CMakeFiles/cmTC_a32e8.dir/build.make:78: CMakeFiles/cmTC_a32e8.dir/src.c.o] Error 1
gmake[1]: Leaving directory '/home/divakar/Desktop/SDLGameEngine/build/CMakeFiles/CMakeScratch/TryCompile-XiJv9M'
gmake: *** [Makefile:127: cmTC_a32e8/fast] Error 2


Source file was:
int main(void) { return 0; }

Performing C SOURCE FILE Test HAVE_GCC_WDOCUMENTATION_UNKNOWN_COMMAND failed with the following output:
Change Dir: /home/divakar/Desktop/SDLGameEngine/build/CMakeFiles/CMakeScratch/TryCompile-aznL5M

Run Build Command(s):/usr/bin/gmake -f Makefile cmTC_7edab/fast && /usr/bin/gmake  -f CMakeFiles/cmTC_7edab.dir/build.make CMakeFiles/cmTC_7edab.dir/build
gmake[1]: Entering directory '/home/divakar/Desktop/SDLGameEngine/build/CMakeFiles/CMakeScratch/TryCompile-aznL5M'
Building C object CMakeFiles/cmTC_7edab.dir/src.c.o
/usr/bin/cc -DHAVE_GCC_WDOCUMENTATION_UNKNOWN_COMMAND  -D_GNU_SOURCE=1   -Wdocumentation-unknown-command -o CMakeFiles/cmTC_7edab.dir/src.c.o -c /home/divakar/Desktop/SDLGameEngine/build/CMakeFiles/CMakeScratch/TryCompile-aznL5M/src.c
cc: error: unrecognized command-line option '-Wdocumentation-unknown-command'
gmake[1]: *** [CMakeFiles/cmTC_7edab.dir/build.make:78: CMakeFiles/cmTC_7edab.dir/src.c.o] Error 1
gmake[1]: Leaving directory '/home/divakar/Desktop/SDLGameEngine/build/CMakeFiles/CMakeScratch/TryCompile-aznL5M'
gmake: *** [Makefile:127: cmTC_7edab/fast] Error 2


Source file was:
int main(void) { return 0; }

Performing C SOURCE FILE Test HAVE_GCC_COMMENT_BLOCK_COMMANDS failed with the following output:
Change Dir: /home/divakar/Desktop/SDLGameEngine/build/CMakeFiles/CMakeScratch/TryCompile-PxlZiJ

Run Build Command(s):/usr/bin/gmake -f Makefile cmTC_23220/fast && /usr/bin/gmake  -f CMakeFiles/cmTC_23220.dir/build.make CMakeFiles/cmTC_23220.dir/build
gmake[1]: Entering directory '/home/divakar/Desktop/SDLGameEngine/build/CMakeFiles/CMakeScratch/TryCompile-PxlZiJ'
Building C object CMakeFiles/cmTC_23220.dir/src.c.o
/usr/bin/cc -DHAVE_GCC_COMMENT_BLOCK_COMMANDS  -D_GNU_SOURCE=1   -fcomment-block-commands=threadsafety -o CMakeFiles/cmTC_23220.dir/src.c.o -c /home/divakar/Desktop/SDLGameEngine/build/CMakeFiles/CMakeScratch/TryCompile-PxlZiJ/src.c
cc: error: unrecognized command-line option '-fcomment-block-commands=threadsafety'
gmake[1]: *** [CMakeFiles/cmTC_23220.dir/build.make:78: CMakeFiles/cmTC_23220.dir/src.c.o] Error 1
gmake[1]: Leaving directory '/home/divakar/Desktop/SDLGameEngine/build/CMakeFiles/CMakeScratch/TryCompile-PxlZiJ'
gmake: *** [Makefile:127: cmTC_23220/fast] Error 2


Source file was:
int main(void) { return 0; }

Performing C SOURCE FILE Test HAVE_CLANG_COMMENT_BLOCK_COMMANDS failed with the following output:
Change Dir: /home/divakar/Desktop/SDLGameEngine/build/CMakeFiles/CMakeScratch/TryCompile-A6emGC

Run Build Command(s):/usr/bin/gmake -f Makefile cmTC_7e79a/fast && /usr/bin/gmake  -f CMakeFiles/cmTC_7e79a.dir/build.make CMakeFiles/cmTC_7e79a.dir/build
gmake[1]: Entering directory '/home/divakar/Desktop/SDLGameEngine/build/CMakeFiles/CMakeScratch/TryCompile-A6emGC'
Building C object CMakeFiles/cmTC_7e79a.dir/src.c.o
/usr/bin/cc -DHAVE_CLANG_COMMENT_BLOCK_COMMANDS  -D_GNU_SOURCE=1   /clang:-fcomment-block-commands=threadsafety -o CMakeFiles/cmTC_7e79a.dir/src.c.o -c /home/divakar/Desktop/SDLGameEngine/build/CMakeFiles/CMakeScratch/TryCompile-A6emGC/src.c
cc: warning: /clang:-fcomment-block-commands=threadsafety: linker input file unused because linking not done
cc: error: /clang:-fcomment-block-commands=threadsafety: linker input file not found: No such file or directory
gmake[1]: *** [CMakeFiles/cmTC_7e79a.dir/build.make:78: CMakeFiles/cmTC_7e79a.dir/src.c.o] Error 1
gmake[1]: *** Deleting file 'CMakeFiles/cmTC_7e79a.dir/src.c.o'
gmake[1]: Leaving directory '/home/divakar/Desktop/SDLGameEngine/build/CMakeFiles/CMakeScratch/TryCompile-A6emGC'
gmake: *** [Makefile:127: cmTC_7e79a/fast] Error 2


Source file was:
int main(void) { return 0; }

Determining if the _i64toa exist failed with the following output:
Change Dir: /home/divakar/Desktop/SDLGameEngine/build/CMakeFiles/CMakeScratch/TryCompile-YRMefu

Run Build Command(s):/usr/bin/gmake -f Makefile cmTC_a26ca/fast && /usr/bin/gmake  -f CMakeFiles/cmTC_a26ca.dir/build.make CMakeFiles/cmTC_a26ca.dir/build
gmake[1]: Entering directory '/home/divakar/Desktop/SDLGameEngine/build/CMakeFiles/CMakeScratch/TryCompile-YRMefu'
Building C object CMakeFiles/cmTC_a26ca.dir/CheckSymbolExists.c.o
/usr/bin/cc   -D_GNU_SOURCE=1 -o CMakeFiles/cmTC_a26ca.dir/CheckSymbolExists.c.o -c /home/divakar/Desktop/SDLGameEngine/build/CMakeFiles/CMakeScratch/TryCompile-YRMefu/CheckSymbolExists.c
/home/divakar/Desktop/SDLGameEngine/build/CMakeFiles/CMakeScratch/TryCompile-YRMefu/CheckSymbolExists.c: In function ‘main’:
/home/divakar/Desktop/SDLGameEngine/build/CMakeFiles/CMakeScratch/TryCompile-YRMefu/CheckSymbolExists.c:26:19: error: ‘_i64toa’ undeclared (first use in this function)
   26 |   return ((int*)(&_i64toa))[argc];
      |                   ^~~~~~~
/home/divakar/Desktop/SDLGameEngine/build/CMakeFiles/CMakeScratch/TryCompile-YRMefu/CheckSymbolExists.c:26:19: note: each undeclared identifier is reported only once for each function it appears in
gmake[1]: *** [CMakeFiles/cmTC_a26ca.dir/build.make:78: CMakeFiles/cmTC_a26ca.dir/CheckSymbolExists.c.o] Error 1
gmake[1]: Leaving directory '/home/divakar/Desktop/SDLGameEngine/build/CMakeFiles/CMakeScratch/TryCompile-YRMefu'
gmake: *** [Makefile:127: cmTC_a26ca/fast] Error 2


File CheckSymbolExists.c:
/* */
#include <float.h>
#include <iconv.h>
#include <inttypes.h>
#include <limits.h>
#include <malloc.h>
#include <math.h>
#include <memory.h>
#include <signal.h>
#include <stdarg.h>
#include <stdbool.h>
#include <stddef.h>
#include <stdint.h>
#include <stdio.h>
#include <stdlib.h>
#include <string.h>
#include <strings.h>
#include <sys/types.h>
#include <time.h>
#include <wchar.h>

int main(int argc, char** argv)
{
  (void)argv;
#ifndef _i64toa
  return ((int*)(&_i64toa))[argc];
#else
  (void)argc;
  return 0;
#endif
}
Determining if the itoa exist failed with the following output:
Change Dir: /home/divakar/Desktop/SDLGameEngine/build/CMakeFiles/CMakeScratch/TryCompile-boczFv

Run Build Command(s):/usr/bin/gmake -f Makefile cmTC_0d95f/fast && /usr/bin/gmake  -f CMakeFiles/cmTC_0d95f.dir/build.make CMakeFiles/cmTC_0d95f.dir/build
gmake[1]: Entering directory '/home/divakar/Desktop/SDLGameEngine/build/CMakeFiles/CMakeScratch/TryCompile-boczFv'
Building C object CMakeFiles/cmTC_0d95f.dir/CheckSymbolExists.c.o
/usr/bin/cc   -D_GNU_SOURCE=1 -o CMakeFiles/cmTC_0d95f.dir/CheckSymbolExists.c.o -c /home/divakar/Desktop/SDLGameEngine/build/CMakeFiles/CMakeScratch/TryCompile-boczFv/CheckSymbolExists.c
/home/divakar/Desktop/SDLGameEngine/build/CMakeFiles/CMakeScratch/TryCompile-boczFv/CheckSymbolExists.c: In function ‘main’:
/home/divakar/Desktop/SDLGameEngine/build/CMakeFiles/CMakeScratch/TryCompile-boczFv/CheckSymbolExists.c:26:19: error: ‘itoa’ undeclared (first use in this function)
   26 |   return ((int*)(&itoa))[argc];
      |                   ^~~~
/home/divakar/Desktop/SDLGameEngine/build/CMakeFiles/CMakeScratch/TryCompile-boczFv/CheckSymbolExists.c:26:19: note: each undeclared identifier is reported only once for each function it appears in
gmake[1]: *** [CMakeFiles/cmTC_0d95f.dir/build.make:78: CMakeFiles/cmTC_0d95f.dir/CheckSymbolExists.c.o] Error 1
gmake[1]: Leaving directory '/home/divakar/Desktop/SDLGameEngine/build/CMakeFiles/CMakeScratch/TryCompile-boczFv'
gmake: *** [Makefile:127: cmTC_0d95f/fast] Error 2


File CheckSymbolExists.c:
/* */
#include <float.h>
#include <iconv.h>
#include <inttypes.h>
#include <limits.h>
#include <malloc.h>
#include <math.h>
#include <memory.h>
#include <signal.h>
#include <stdarg.h>
#include <stdbool.h>
#include <stddef.h>
#include <stdint.h>
#include <stdio.h>
#include <stdlib.h>
#include <string.h>
#include <strings.h>
#include <sys/types.h>
#include <time.h>
#include <wchar.h>

int main(int argc, char** argv)
{
  (void)argv;
#ifndef itoa
  return ((int*)(&itoa))[argc];
#else
  (void)argc;
  return 0;
#endif
}
Determining if the _ltoa exist failed with the following output:
Change Dir: /home/divakar/Desktop/SDLGameEngine/build/CMakeFiles/CMakeScratch/TryCompile-afUduB

Run Build Command(s):/usr/bin/gmake -f Makefile cmTC_27c3f/fast && /usr/bin/gmake  -f CMakeFiles/cmTC_27c3f.dir/build.make CMakeFiles/cmTC_27c3f.dir/build
gmake[1]: Entering directory '/home/divakar/Desktop/SDLGameEngine/build/CMakeFiles/CMakeScratch/TryCompile-afUduB'
Building C object CMakeFiles/cmTC_27c3f.dir/CheckSymbolExists.c.o
/usr/bin/cc   -D_GNU_SOURCE=1 -o CMakeFiles/cmTC_27c3f.dir/CheckSymbolExists.c.o -c /home/divakar/Desktop/SDLGameEngine/build/CMakeFiles/CMakeScratch/TryCompile-afUduB/CheckSymbolExists.c
/home/divakar/Desktop/SDLGameEngine/build/CMakeFiles/CMakeScratch/TryCompile-afUduB/CheckSymbolExists.c: In function ‘main’:
/home/divakar/Desktop/SDLGameEngine/build/CMakeFiles/CMakeScratch/TryCompile-afUduB/CheckSymbolExists.c:26:19: error: ‘_ltoa’ undeclared (first use in this function)
   26 |   return ((int*)(&_ltoa))[argc];
      |                   ^~~~~
/home/divakar/Desktop/SDLGameEngine/build/CMakeFiles/CMakeScratch/TryCompile-afUduB/CheckSymbolExists.c:26:19: note: each undeclared identifier is reported only once for each function it appears in
gmake[1]: *** [CMakeFiles/cmTC_27c3f.dir/build.make:78: CMakeFiles/cmTC_27c3f.dir/CheckSymbolExists.c.o] Error 1
gmake[1]: Leaving directory '/home/divakar/Desktop/SDLGameEngine/build/CMakeFiles/CMakeScratch/TryCompile-afUduB'
gmake: *** [Makefile:127: cmTC_27c3f/fast] Error 2


File CheckSymbolExists.c:
/* */
#include <float.h>
#include <iconv.h>
#include <inttypes.h>
#include <limits.h>
#include <malloc.h>
#include <math.h>
#include <memory.h>
#include <signal.h>
#include <stdarg.h>
#include <stdbool.h>
#include <stddef.h>
#include <stdint.h>
#include <stdio.h>
#include <stdlib.h>
#include <string.h>
#include <strings.h>
#include <sys/types.h>
#include <time.h>
#include <wchar.h>

int main(int argc, char** argv)
{
  (void)argv;
#ifndef _ltoa
  return ((int*)(&_ltoa))[argc];
#else
  (void)argc;
  return 0;
#endif
}
Determining if the sqr exist failed with the following output:
Change Dir: /home/divakar/Desktop/SDLGameEngine/build/CMakeFiles/CMakeScratch/TryCompile-0cAUGa

Run Build Command(s):/usr/bin/gmake -f Makefile cmTC_a536a/fast && /usr/bin/gmake  -f CMakeFiles/cmTC_a536a.dir/build.make CMakeFiles/cmTC_a536a.dir/build
gmake[1]: Entering directory '/home/divakar/Desktop/SDLGameEngine/build/CMakeFiles/CMakeScratch/TryCompile-0cAUGa'
Building C object CMakeFiles/cmTC_a536a.dir/CheckSymbolExists.c.o
/usr/bin/cc   -D_GNU_SOURCE=1 -o CMakeFiles/cmTC_a536a.dir/CheckSymbolExists.c.o -c /home/divakar/Desktop/SDLGameEngine/build/CMakeFiles/CMakeScratch/TryCompile-0cAUGa/CheckSymbolExists.c
/home/divakar/Desktop/SDLGameEngine/build/CMakeFiles/CMakeScratch/TryCompile-0cAUGa/CheckSymbolExists.c: In function ‘main’:
/home/divakar/Desktop/SDLGameEngine/build/CMakeFiles/CMakeScratch/TryCompile-0cAUGa/CheckSymbolExists.c:26:19: error: ‘sqr’ undeclared (first use in this function); did you mean ‘sqrt’?
   26 |   return ((int*)(&sqr))[argc];
      |                   ^~~
      |                   sqrt
/home/divakar/Desktop/SDLGameEngine/build/CMakeFiles/CMakeScratch/TryCompile-0cAUGa/CheckSymbolExists.c:26:19: note: each undeclared identifier is reported only once for each function it appears in
gmake[1]: *** [CMakeFiles/cmTC_a536a.dir/build.make:78: CMakeFiles/cmTC_a536a.dir/CheckSymbolExists.c.o] Error 1
gmake[1]: Leaving directory '/home/divakar/Desktop/SDLGameEngine/build/CMakeFiles/CMakeScratch/TryCompile-0cAUGa'
gmake: *** [Makefile:127: cmTC_a536a/fast] Error 2


File CheckSymbolExists.c:
/* */
#include <float.h>
#include <iconv.h>
#include <inttypes.h>
#include <limits.h>
#include <malloc.h>
#include <math.h>
#include <memory.h>
#include <signal.h>
#include <stdarg.h>
#include <stdbool.h>
#include <stddef.h>
#include <stdint.h>
#include <stdio.h>
#include <stdlib.h>
#include <string.h>
#include <strings.h>
#include <sys/types.h>
#include <time.h>
#include <wchar.h>

int main(int argc, char** argv)
{
  (void)argv;
#ifndef sqr
  return ((int*)(&sqr))[argc];
#else
  (void)argc;
  return 0;
#endif
}
Determining if the strlcat exist failed with the following output:
Change Dir: /home/divakar/Desktop/SDLGameEngine/build/CMakeFiles/CMakeScratch/TryCompile-msHKP1

Run Build Command(s):/usr/bin/gmake -f Makefile cmTC_9ba3f/fast && /usr/bin/gmake  -f CMakeFiles/cmTC_9ba3f.dir/build.make CMakeFiles/cmTC_9ba3f.dir/build
gmake[1]: Entering directory '/home/divakar/Desktop/SDLGameEngine/build/CMakeFiles/CMakeScratch/TryCompile-msHKP1'
Building C object CMakeFiles/cmTC_9ba3f.dir/CheckSymbolExists.c.o
/usr/bin/cc   -D_GNU_SOURCE=1 -o CMakeFiles/cmTC_9ba3f.dir/CheckSymbolExists.c.o -c /home/divakar/Desktop/SDLGameEngine/build/CMakeFiles/CMakeScratch/TryCompile-msHKP1/CheckSymbolExists.c
/home/divakar/Desktop/SDLGameEngine/build/CMakeFiles/CMakeScratch/TryCompile-msHKP1/CheckSymbolExists.c: In function ‘main’:
/home/divakar/Desktop/SDLGameEngine/build/CMakeFiles/CMakeScratch/TryCompile-msHKP1/CheckSymbolExists.c:26:19: error: ‘strlcat’ undeclared (first use in this function); did you mean ‘strncat’?
   26 |   return ((int*)(&strlcat))[argc];
      |                   ^~~~~~~
      |                   strncat
/home/divakar/Desktop/SDLGameEngine/build/CMakeFiles/CMakeScratch/TryCompile-msHKP1/CheckSymbolExists.c:26:19: note: each undeclared identifier is reported only once for each function it appears in
gmake[1]: *** [CMakeFiles/cmTC_9ba3f.dir/build.make:78: CMakeFiles/cmTC_9ba3f.dir/CheckSymbolExists.c.o] Error 1
gmake[1]: Leaving directory '/home/divakar/Desktop/SDLGameEngine/build/CMakeFiles/CMakeScratch/TryCompile-msHKP1'
gmake: *** [Makefile:127: cmTC_9ba3f/fast] Error 2


File CheckSymbolExists.c:
/* */
#include <float.h>
#include <iconv.h>
#include <inttypes.h>
#include <limits.h>
#include <malloc.h>
#include <math.h>
#include <memory.h>
#include <signal.h>
#include <stdarg.h>
#include <stdbool.h>
#include <stddef.h>
#include <stdint.h>
#include <stdio.h>
#include <stdlib.h>
#include <string.h>
#include <strings.h>
#include <sys/types.h>
#include <time.h>
#include <wchar.h>

int main(int argc, char** argv)
{
  (void)argv;
#ifndef strlcat
  return ((int*)(&strlcat))[argc];
#else
  (void)argc;
  return 0;
#endif
}
Determining if the strlcpy exist failed with the following output:
Change Dir: /home/divakar/Desktop/SDLGameEngine/build/CMakeFiles/CMakeScratch/TryCompile-vxi2wM

Run Build Command(s):/usr/bin/gmake -f Makefile cmTC_a8981/fast && /usr/bin/gmake  -f CMakeFiles/cmTC_a8981.dir/build.make CMakeFiles/cmTC_a8981.dir/build
gmake[1]: Entering directory '/home/divakar/Desktop/SDLGameEngine/build/CMakeFiles/CMakeScratch/TryCompile-vxi2wM'
Building C object CMakeFiles/cmTC_a8981.dir/CheckSymbolExists.c.o
/usr/bin/cc   -D_GNU_SOURCE=1 -o CMakeFiles/cmTC_a8981.dir/CheckSymbolExists.c.o -c /home/divakar/Desktop/SDLGameEngine/build/CMakeFiles/CMakeScratch/TryCompile-vxi2wM/CheckSymbolExists.c
/home/divakar/Desktop/SDLGameEngine/build/CMakeFiles/CMakeScratch/TryCompile-vxi2wM/CheckSymbolExists.c: In function ‘main’:
/home/divakar/Desktop/SDLGameEngine/build/CMakeFiles/CMakeScratch/TryCompile-vxi2wM/CheckSymbolExists.c:26:19: error: ‘strlcpy’ undeclared (first use in this function); did you mean ‘strncpy’?
   26 |   return ((int*)(&strlcpy))[argc];
      |                   ^~~~~~~
      |                   strncpy
/home/divakar/Desktop/SDLGameEngine/build/CMakeFiles/CMakeScratch/TryCompile-vxi2wM/CheckSymbolExists.c:26:19: note: each undeclared identifier is reported only once for each function it appears in
gmake[1]: *** [CMakeFiles/cmTC_a8981.dir/build.make:78: CMakeFiles/cmTC_a8981.dir/CheckSymbolExists.c.o] Error 1
gmake[1]: Leaving directory '/home/divakar/Desktop/SDLGameEngine/build/CMakeFiles/CMakeScratch/TryCompile-vxi2wM'
gmake: *** [Makefile:127: cmTC_a8981/fast] Error 2


File CheckSymbolExists.c:
/* */
#include <float.h>
#include <iconv.h>
#include <inttypes.h>
#include <limits.h>
#include <malloc.h>
#include <math.h>
#include <memory.h>
#include <signal.h>
#include <stdarg.h>
#include <stdbool.h>
#include <stddef.h>
#include <stdint.h>
#include <stdio.h>
#include <stdlib.h>
#include <string.h>
#include <strings.h>
#include <sys/types.h>
#include <time.h>
#include <wchar.h>

int main(int argc, char** argv)
{
  (void)argv;
#ifndef strlcpy
  return ((int*)(&strlcpy))[argc];
#else
  (void)argc;
  return 0;
#endif
}
Determining if the strnstr exist failed with the following output:
Change Dir: /home/divakar/Desktop/SDLGameEngine/build/CMakeFiles/CMakeScratch/TryCompile-MCU3N4

Run Build Command(s):/usr/bin/gmake -f Makefile cmTC_65d3b/fast && /usr/bin/gmake  -f CMakeFiles/cmTC_65d3b.dir/build.make CMakeFiles/cmTC_65d3b.dir/build
gmake[1]: Entering directory '/home/divakar/Desktop/SDLGameEngine/build/CMakeFiles/CMakeScratch/TryCompile-MCU3N4'
Building C object CMakeFiles/cmTC_65d3b.dir/CheckSymbolExists.c.o
/usr/bin/cc   -D_GNU_SOURCE=1 -o CMakeFiles/cmTC_65d3b.dir/CheckSymbolExists.c.o -c /home/divakar/Desktop/SDLGameEngine/build/CMakeFiles/CMakeScratch/TryCompile-MCU3N4/CheckSymbolExists.c
/home/divakar/Desktop/SDLGameEngine/build/CMakeFiles/CMakeScratch/TryCompile-MCU3N4/CheckSymbolExists.c: In function ‘main’:
/home/divakar/Desktop/SDLGameEngine/build/CMakeFiles/CMakeScratch/TryCompile-MCU3N4/CheckSymbolExists.c:26:19: error: ‘strnstr’ undeclared (first use in this function); did you mean ‘strstr’?
   26 |   return ((int*)(&strnstr))[argc];
      |                   ^~~~~~~
      |                   strstr
/home/divakar/Desktop/SDLGameEngine/build/CMakeFiles/CMakeScratch/TryCompile-MCU3N4/CheckSymbolExists.c:26:19: note: each undeclared identifier is reported only once for each function it appears in
gmake[1]: *** [CMakeFiles/cmTC_65d3b.dir/build.make:78: CMakeFiles/cmTC_65d3b.dir/CheckSymbolExists.c.o] Error 1
gmake[1]: Leaving directory '/home/divakar/Desktop/SDLGameEngine/build/CMakeFiles/CMakeScratch/TryCompile-MCU3N4'
gmake: *** [Makefile:127: cmTC_65d3b/fast] Error 2


File CheckSymbolExists.c:
/* */
#include <float.h>
#include <iconv.h>
#include <inttypes.h>
#include <limits.h>
#include <malloc.h>
#include <math.h>
#include <memory.h>
#include <signal.h>
#include <stdarg.h>
#include <stdbool.h>
#include <stddef.h>
#include <stdint.h>
#include <stdio.h>
#include <stdlib.h>
#include <string.h>
#include <strings.h>
#include <sys/types.h>
#include <time.h>
#include <wchar.h>

int main(int argc, char** argv)
{
  (void)argv;
#ifndef strnstr
  return ((int*)(&strnstr))[argc];
#else
  (void)argc;
  return 0;
#endif
}
Determining if the wcslcat exist failed with the following output:
Change Dir: /home/divakar/Desktop/SDLGameEngine/build/CMakeFiles/CMakeScratch/TryCompile-S6D6EJ

Run Build Command(s):/usr/bin/gmake -f Makefile cmTC_277a8/fast && /usr/bin/gmake  -f CMakeFiles/cmTC_277a8.dir/build.make CMakeFiles/cmTC_277a8.dir/build
gmake[1]: Entering directory '/home/divakar/Desktop/SDLGameEngine/build/CMakeFiles/CMakeScratch/TryCompile-S6D6EJ'
Building C object CMakeFiles/cmTC_277a8.dir/CheckSymbolExists.c.o
/usr/bin/cc   -D_GNU_SOURCE=1 -o CMakeFiles/cmTC_277a8.dir/CheckSymbolExists.c.o -c /home/divakar/Desktop/SDLGameEngine/build/CMakeFiles/CMakeScratch/TryCompile-S6D6EJ/CheckSymbolExists.c
/home/divakar/Desktop/SDLGameEngine/build/CMakeFiles/CMakeScratch/TryCompile-S6D6EJ/CheckSymbolExists.c: In function ‘main’:
/home/divakar/Desktop/SDLGameEngine/build/CMakeFiles/CMakeScratch/TryCompile-S6D6EJ/CheckSymbolExists.c:26:19: error: ‘wcslcat’ undeclared (first use in this function); did you mean ‘wcsncat’?
   26 |   return ((int*)(&wcslcat))[argc];
      |                   ^~~~~~~
      |                   wcsncat
/home/divakar/Desktop/SDLGameEngine/build/CMakeFiles/CMakeScratch/TryCompile-S6D6EJ/CheckSymbolExists.c:26:19: note: each undeclared identifier is reported only once for each function it appears in
gmake[1]: *** [CMakeFiles/cmTC_277a8.dir/build.make:78: CMakeFiles/cmTC_277a8.dir/CheckSymbolExists.c.o] Error 1
gmake[1]: Leaving directory '/home/divakar/Desktop/SDLGameEngine/build/CMakeFiles/CMakeScratch/TryCompile-S6D6EJ'
gmake: *** [Makefile:127: cmTC_277a8/fast] Error 2


File CheckSymbolExists.c:
/* */
#include <float.h>
#include <iconv.h>
#include <inttypes.h>
#include <limits.h>
#include <malloc.h>
#include <math.h>
#include <memory.h>
#include <signal.h>
#include <stdarg.h>
#include <stdbool.h>
#include <stddef.h>
#include <stdint.h>
#include <stdio.h>
#include <stdlib.h>
#include <string.h>
#include <strings.h>
#include <sys/types.h>
#include <time.h>
#include <wchar.h>

int main(int argc, char** argv)
{
  (void)argv;
#ifndef wcslcat
  return ((int*)(&wcslcat))[argc];
#else
  (void)argc;
  return 0;
#endif
}
Determining if the wcslcpy exist failed with the following output:
Change Dir: /home/divakar/Desktop/SDLGameEngine/build/CMakeFiles/CMakeScratch/TryCompile-h7qiZG

Run Build Command(s):/usr/bin/gmake -f Makefile cmTC_a4906/fast && /usr/bin/gmake  -f CMakeFiles/cmTC_a4906.dir/build.make CMakeFiles/cmTC_a4906.dir/build
gmake[1]: Entering directory '/home/divakar/Desktop/SDLGameEngine/build/CMakeFiles/CMakeScratch/TryCompile-h7qiZG'
Building C object CMakeFiles/cmTC_a4906.dir/CheckSymbolExists.c.o
/usr/bin/cc   -D_GNU_SOURCE=1 -o CMakeFiles/cmTC_a4906.dir/CheckSymbolExists.c.o -c /home/divakar/Desktop/SDLGameEngine/build/CMakeFiles/CMakeScratch/TryCompile-h7qiZG/CheckSymbolExists.c
/home/divakar/Desktop/SDLGameEngine/build/CMakeFiles/CMakeScratch/TryCompile-h7qiZG/CheckSymbolExists.c: In function ‘main’:
/home/divakar/Desktop/SDLGameEngine/build/CMakeFiles/CMakeScratch/TryCompile-h7qiZG/CheckSymbolExists.c:26:19: error: ‘wcslcpy’ undeclared (first use in this function); did you mean ‘wcsncpy’?
   26 |   return ((int*)(&wcslcpy))[argc];
      |                   ^~~~~~~
      |                   wcsncpy
/home/divakar/Desktop/SDLGameEngine/build/CMakeFiles/CMakeScratch/TryCompile-h7qiZG/CheckSymbolExists.c:26:19: note: each undeclared identifier is reported only once for each function it appears in
gmake[1]: *** [CMakeFiles/cmTC_a4906.dir/build.make:78: CMakeFiles/cmTC_a4906.dir/CheckSymbolExists.c.o] Error 1
gmake[1]: Leaving directory '/home/divakar/Desktop/SDLGameEngine/build/CMakeFiles/CMakeScratch/TryCompile-h7qiZG'
gmake: *** [Makefile:127: cmTC_a4906/fast] Error 2


File CheckSymbolExists.c:
/* */
#include <float.h>
#include <iconv.h>
#include <inttypes.h>
#include <limits.h>
#include <malloc.h>
#include <math.h>
#include <memory.h>
#include <signal.h>
#include <stdarg.h>
#include <stdbool.h>
#include <stddef.h>
#include <stdint.h>
#include <stdio.h>
#include <stdlib.h>
#include <string.h>
#include <strings.h>
#include <sys/types.h>
#include <time.h>
#include <wchar.h>

int main(int argc, char** argv)
{
  (void)argv;
#ifndef wcslcpy
  return ((int*)(&wcslcpy))[argc];
#else
  (void)argc;
  return 0;
#endif
}
Determining if the sysctlbyname exist failed with the following output:
Change Dir: /home/divakar/Desktop/SDLGameEngine/build/CMakeFiles/CMakeScratch/TryCompile-29xOCI

Run Build Command(s):/usr/bin/gmake -f Makefile cmTC_245ec/fast && /usr/bin/gmake  -f CMakeFiles/cmTC_245ec.dir/build.make CMakeFiles/cmTC_245ec.dir/build
gmake[1]: Entering directory '/home/divakar/Desktop/SDLGameEngine/build/CMakeFiles/CMakeScratch/TryCompile-29xOCI'
Building C object CMakeFiles/cmTC_245ec.dir/CheckSymbolExists.c.o
/usr/bin/cc   -D_GNU_SOURCE=1 -o CMakeFiles/cmTC_245ec.dir/CheckSymbolExists.c.o -c /home/divakar/Desktop/SDLGameEngine/build/CMakeFiles/CMakeScratch/TryCompile-29xOCI/CheckSymbolExists.c
/home/divakar/Desktop/SDLGameEngine/build/CMakeFiles/CMakeScratch/TryCompile-29xOCI/CheckSymbolExists.c:3:10: fatal error: sys/sysctl.h: No such file or directory
    3 | #include <sys/sysctl.h>
      |          ^~~~~~~~~~~~~~
compilation terminated.
gmake[1]: *** [CMakeFiles/cmTC_245ec.dir/build.make:78: CMakeFiles/cmTC_245ec.dir/CheckSymbolExists.c.o] Error 1
gmake[1]: Leaving directory '/home/divakar/Desktop/SDLGameEngine/build/CMakeFiles/CMakeScratch/TryCompile-29xOCI'
gmake: *** [Makefile:127: cmTC_245ec/fast] Error 2


File CheckSymbolExists.c:
/* */
#include <sys/types.h>
#include <sys/sysctl.h>

int main(int argc, char** argv)
{
  (void)argv;
#ifndef sysctlbyname
  return ((int*)(&sysctlbyname))[argc];
#else
  (void)argc;
  return 0;
#endif
}
Determining if the elf_aux_info exist failed with the following output:
Change Dir: /home/divakar/Desktop/SDLGameEngine/build/CMakeFiles/CMakeScratch/TryCompile-k4QZtH

Run Build Command(s):/usr/bin/gmake -f Makefile cmTC_8af73/fast && /usr/bin/gmake  -f CMakeFiles/cmTC_8af73.dir/build.make CMakeFiles/cmTC_8af73.dir/build
gmake[1]: Entering directory '/home/divakar/Desktop/SDLGameEngine/build/CMakeFiles/CMakeScratch/TryCompile-k4QZtH'
Building C object CMakeFiles/cmTC_8af73.dir/CheckSymbolExists.c.o
/usr/bin/cc   -D_GNU_SOURCE=1 -o CMakeFiles/cmTC_8af73.dir/CheckSymbolExists.c.o -c /home/divakar/Desktop/SDLGameEngine/build/CMakeFiles/CMakeScratch/TryCompile-k4QZtH/CheckSymbolExists.c
/home/divakar/Desktop/SDLGameEngine/build/CMakeFiles/CMakeScratch/TryCompile-k4QZtH/CheckSymbolExists.c: In function ‘main’:
/home/divakar/Desktop/SDLGameEngine/build/CMakeFiles/CMakeScratch/TryCompile-k4QZtH/CheckSymbolExists.c:8:19: error: ‘elf_aux_info’ undeclared (first use in this function)
    8 |   return ((int*)(&elf_aux_info))[argc];
      |                   ^~~~~~~~~~~~
/home/divakar/Desktop/SDLGameEngine/build/CMakeFiles/CMakeScratch/TryCompile-k4QZtH/CheckSymbolExists.c:8:19: note: each undeclared identifier is reported only once for each function it appears in
gmake[1]: *** [CMakeFiles/cmTC_8af73.dir/build.make:78: CMakeFiles/cmTC_8af73.dir/CheckSymbolExists.c.o] Error 1
gmake[1]: Leaving directory '/home/divakar/Desktop/SDLGameEngine/build/CMakeFiles/CMakeScratch/TryCompile-k4QZtH'
gmake: *** [Makefile:127: cmTC_8af73/fast] Error 2


File CheckSymbolExists.c:
/* */
#include <sys/auxv.h>

int main(int argc, char** argv)
{
  (void)argv;
#ifndef elf_aux_info
  return ((int*)(&elf_aux_info))[argc];
#else
  (void)argc;
  return 0;
#endif
}
Determining if the posix_spawn_file_actions_addchdir exist failed with the following output:
Change Dir: /home/divakar/Desktop/SDLGameEngine/build/CMakeFiles/CMakeScratch/TryCompile-CG0jbG

Run Build Command(s):/usr/bin/gmake -f Makefile cmTC_28f11/fast && /usr/bin/gmake  -f CMakeFiles/cmTC_28f11.dir/build.make CMakeFiles/cmTC_28f11.dir/build
gmake[1]: Entering directory '/home/divakar/Desktop/SDLGameEngine/build/CMakeFiles/CMakeScratch/TryCompile-CG0jbG'
Building C object CMakeFiles/cmTC_28f11.dir/CheckSymbolExists.c.o
/usr/bin/cc   -D_GNU_SOURCE=1 -o CMakeFiles/cmTC_28f11.dir/CheckSymbolExists.c.o -c /home/divakar/Desktop/SDLGameEngine/build/CMakeFiles/CMakeScratch/TryCompile-CG0jbG/CheckSymbolExists.c
/home/divakar/Desktop/SDLGameEngine/build/CMakeFiles/CMakeScratch/TryCompile-CG0jbG/CheckSymbolExists.c: In function ‘main’:
/home/divakar/Desktop/SDLGameEngine/build/CMakeFiles/CMakeScratch/TryCompile-CG0jbG/CheckSymbolExists.c:8:19: error: ‘posix_spawn_file_actions_addchdir’ undeclared (first use in this function); did you mean ‘posix_spawn_file_actions_addchdir_np’?
    8 |   return ((int*)(&posix_spawn_file_actions_addchdir))[argc];
      |                   ^~~~~~~~~~~~~~~~~~~~~~~~~~~~~~~~~
      |                   posix_spawn_file_actions_addchdir_np
/home/divakar/Desktop/SDLGameEngine/build/CMakeFiles/CMakeScratch/TryCompile-CG0jbG/CheckSymbolExists.c:8:19: note: each undeclared identifier is reported only once for each function it appears in
gmake[1]: *** [CMakeFiles/cmTC_28f11.dir/build.make:78: CMakeFiles/cmTC_28f11.dir/CheckSymbolExists.c.o] Error 1
gmake[1]: Leaving directory '/home/divakar/Desktop/SDLGameEngine/build/CMakeFiles/CMakeScratch/TryCompile-CG0jbG'
gmake: *** [Makefile:127: cmTC_28f11/fast] Error 2


File CheckSymbolExists.c:
/* */
#include <spawn.h>

int main(int argc, char** argv)
{
  (void)argv;
#ifndef posix_spawn_file_actions_addchdir
  return ((int*)(&posix_spawn_file_actions_addchdir))[argc];
#else
  (void)argc;
  return 0;
#endif
}
Performing C SOURCE FILE Test ICONV_IN_LIBICONV failed with the following output:
Change Dir: /home/divakar/Desktop/SDLGameEngine/build/CMakeFiles/CMakeScratch/TryCompile-KXdNlM

Run Build Command(s):/usr/bin/gmake -f Makefile cmTC_13c6b/fast && /usr/bin/gmake  -f CMakeFiles/cmTC_13c6b.dir/build.make CMakeFiles/cmTC_13c6b.dir/build
gmake[1]: Entering directory '/home/divakar/Desktop/SDLGameEngine/build/CMakeFiles/CMakeScratch/TryCompile-KXdNlM'
Building C object CMakeFiles/cmTC_13c6b.dir/src.c.o
/usr/bin/cc -DICONV_IN_LIBICONV  -D_GNU_SOURCE=1 -o CMakeFiles/cmTC_13c6b.dir/src.c.o -c /home/divakar/Desktop/SDLGameEngine/build/CMakeFiles/CMakeScratch/TryCompile-KXdNlM/src.c
Linking C executable cmTC_13c6b
/usr/bin/cmake -E cmake_link_script CMakeFiles/cmTC_13c6b.dir/link.txt --verbose=1
/usr/bin/cc   -D_GNU_SOURCE=1 CMakeFiles/cmTC_13c6b.dir/src.c.o -o cmTC_13c6b  -liconv 
/usr/bin/ld: cannot find -liconv: No such file or directory
collect2: error: ld returned 1 exit status
gmake[1]: *** [CMakeFiles/cmTC_13c6b.dir/build.make:99: cmTC_13c6b] Error 1
gmake[1]: Leaving directory '/home/divakar/Desktop/SDLGameEngine/build/CMakeFiles/CMakeScratch/TryCompile-KXdNlM'
gmake: *** [Makefile:127: cmTC_13c6b/fast] Error 2


Source file was:

        #include <stddef.h>
        #include <iconv.h>
        int main(int argc, char **argv) {
            return !iconv_open(NULL,NULL);
        }

Performing C SOURCE FILE Test LIBC_HAS_WORKING_LIBUNWIND failed with the following output:
Change Dir: /home/divakar/Desktop/SDLGameEngine/build/CMakeFiles/CMakeScratch/TryCompile-ZWqHhB

Run Build Command(s):/usr/bin/gmake -f Makefile cmTC_816be/fast && /usr/bin/gmake  -f CMakeFiles/cmTC_816be.dir/build.make CMakeFiles/cmTC_816be.dir/build
gmake[1]: Entering directory '/home/divakar/Desktop/SDLGameEngine/build/CMakeFiles/CMakeScratch/TryCompile-ZWqHhB'
Building C object CMakeFiles/cmTC_816be.dir/src.c.o
/usr/bin/cc -DLIBC_HAS_WORKING_LIBUNWIND  -D_GNU_SOURCE=1 -o CMakeFiles/cmTC_816be.dir/src.c.o -c /home/divakar/Desktop/SDLGameEngine/build/CMakeFiles/CMakeScratch/TryCompile-ZWqHhB/src.c
/home/divakar/Desktop/SDLGameEngine/build/CMakeFiles/CMakeScratch/TryCompile-ZWqHhB/src.c:1:16: fatal error: libunwind.h: No such file or directory
    1 |       #include <libunwind.h>
      |                ^~~~~~~~~~~~~
compilation terminated.
gmake[1]: *** [CMakeFiles/cmTC_816be.dir/build.make:78: CMakeFiles/cmTC_816be.dir/src.c.o] Error 1
gmake[1]: Leaving directory '/home/divakar/Desktop/SDLGameEngine/build/CMakeFiles/CMakeScratch/TryCompile-ZWqHhB'
gmake: *** [Makefile:127: cmTC_816be/fast] Error 2


Source file was:
      #include <libunwind.h>
      int main(int argc, char *argv[]) {
        (void)argc; (void)argv;
        unw_context_t context;
        unw_cursor_t cursor;
        unw_word_t pc;
        char sym[256];
        unw_word_t offset;
        unw_getcontext(&context);
        unw_step(&cursor);
        unw_get_reg(&cursor, UNW_REG_IP, &pc);
        unw_get_proc_name(&cursor, sym, sizeof(sym), &offset);
        return 0;
      }

Performing C SOURCE FILE Test LIBUNWIND_HAS_WORKINGLIBUNWIND failed with the following output:
Change Dir: /home/divakar/Desktop/SDLGameEngine/build/CMakeFiles/CMakeScratch/TryCompile-b674Wu

Run Build Command(s):/usr/bin/gmake -f Makefile cmTC_0815d/fast && /usr/bin/gmake  -f CMakeFiles/cmTC_0815d.dir/build.make CMakeFiles/cmTC_0815d.dir/build
gmake[1]: Entering directory '/home/divakar/Desktop/SDLGameEngine/build/CMakeFiles/CMakeScratch/TryCompile-b674Wu'
Building C object CMakeFiles/cmTC_0815d.dir/src.c.o
/usr/bin/cc -DLIBUNWIND_HAS_WORKINGLIBUNWIND  -D_GNU_SOURCE=1 -o CMakeFiles/cmTC_0815d.dir/src.c.o -c /home/divakar/Desktop/SDLGameEngine/build/CMakeFiles/CMakeScratch/TryCompile-b674Wu/src.c
/home/divakar/Desktop/SDLGameEngine/build/CMakeFiles/CMakeScratch/TryCompile-b674Wu/src.c:1:16: fatal error: libunwind.h: No such file or directory
    1 |       #include <libunwind.h>
      |                ^~~~~~~~~~~~~
compilation terminated.
gmake[1]: *** [CMakeFiles/cmTC_0815d.dir/build.make:78: CMakeFiles/cmTC_0815d.dir/src.c.o] Error 1
gmake[1]: Leaving directory '/home/divakar/Desktop/SDLGameEngine/build/CMakeFiles/CMakeScratch/TryCompile-b674Wu'
gmake: *** [Makefile:127: cmTC_0815d/fast] Error 2


Source file was:
      #include <libunwind.h>
      int main(int argc, char *argv[]) {
        (void)argc; (void)argv;
        unw_context_t context;
        unw_cursor_t cursor;
        unw_word_t pc;
        char sym[256];
        unw_word_t offset;
        unw_getcontext(&context);
        unw_step(&cursor);
        unw_get_reg(&cursor, UNW_REG_IP, &pc);
        unw_get_proc_name(&cursor, sym, sizeof(sym), &offset);
        return 0;
      }

Determining if the include file pthread_np.h exists failed with the following output:
Change Dir: /home/divakar/Desktop/SDLGameEngine/build/CMakeFiles/CMakeScratch/TryCompile-OaobjB

Run Build Command(s):/usr/bin/gmake -f Makefile cmTC_4999e/fast && /usr/bin/gmake  -f CMakeFiles/cmTC_4999e.dir/build.make CMakeFiles/cmTC_4999e.dir/build
gmake[1]: Entering directory '/home/divakar/Desktop/SDLGameEngine/build/CMakeFiles/CMakeScratch/TryCompile-OaobjB'
Building C object CMakeFiles/cmTC_4999e.dir/CheckIncludeFile.c.o
/usr/bin/cc   -D_GNU_SOURCE=1 -D_REENTRANT -pthread -o CMakeFiles/cmTC_4999e.dir/CheckIncludeFile.c.o -c /home/divakar/Desktop/SDLGameEngine/build/CMakeFiles/CMakeScratch/TryCompile-OaobjB/CheckIncludeFile.c
/home/divakar/Desktop/SDLGameEngine/build/CMakeFiles/CMakeScratch/TryCompile-OaobjB/CheckIncludeFile.c:1:10: fatal error: pthread_np.h: No such file or directory
    1 | #include <pthread_np.h>
      |          ^~~~~~~~~~~~~~
compilation terminated.
gmake[1]: *** [CMakeFiles/cmTC_4999e.dir/build.make:78: CMakeFiles/cmTC_4999e.dir/CheckIncludeFile.c.o] Error 1
gmake[1]: Leaving directory '/home/divakar/Desktop/SDLGameEngine/build/CMakeFiles/CMakeScratch/TryCompile-OaobjB'
gmake: *** [Makefile:127: cmTC_4999e/fast] Error 2



